hcl_debug:event: loader:init
hcl_debug:event_type: 0
hcl_debug:event_phase: 0
Thu, 14 Apr 2022 00:39:14 GMT
~~~~~~~~~~~~~~~~~
hcl_debug:event: loader:init
hcl_debug:event_type: 0
hcl_debug:event_phase: 0
Thu, 14 Apr 2022 00:39:17 GMT
~~~~~~~~~~~~~~~~~
hcl_debug:event: loader:init
hcl_debug:event_type: 0
hcl_debug:event_phase: 0
hcl_debug:event: loader:init
Thu, 14 Apr 2022 00:39:17 GMT
~~~~~~~~~~~~~~~~~
hcl_debug:event_type: 0
hcl_debug:event_phase: 0
Thu, 14 Apr 2022 00:39:17 GMT
~~~~~~~~~~~~~~~~~
hcl_debug:event: loader:init
hcl_debug:event_type: 0
hcl_debug:event_phase: 0
Thu, 14 Apr 2022 00:39:17 GMT
~~~~~~~~~~~~~~~~~
hcl_debug:event: loader:init
hcl_debug:event_type: 0
hcl_debug:event_phase: 0
Thu, 14 Apr 2022 00:39:17 GMT
~~~~~~~~~~~~~~~~~
hcl_debug:event: loader:init
hcl_debug:event_type: 0
hcl_debug:event_phase: 0
Thu, 14 Apr 2022 00:39:17 GMT
~~~~~~~~~~~~~~~~~
hcl_debug:event: loader:init
hcl_debug:event_type: 0
hcl_debug:event_phase: 0
Thu, 14 Apr 2022 00:39:17 GMT
~~~~~~~~~~~~~~~~~
hcl_debug:event: loader:init
hcl_debug:event_type: 0
hcl_debug:event_phase: 0
Thu, 14 Apr 2022 00:39:17 GMT
~~~~~~~~~~~~~~~~~
hcl_debug:event: loader:init
hcl_debug:event_type: 0
hcl_debug:event_phase: 0
Thu, 14 Apr 2022 00:39:17 GMT
~~~~~~~~~~~~~~~~~
hcl_debug:event: loader:init
hcl_debug:event_type: 0
hcl_debug:event_phase: 0
Thu, 14 Apr 2022 00:42:20 GMT
~~~~~~~~~~~~~~~~~
hcl_debug:event: loader:init
hcl_debug:event_type: 0
hcl_debug:event_phase: 0
Thu, 14 Apr 2022 00:42:22 GMT
~~~~~~~~~~~~~~~~~
hcl_debug:event: loader:init
hcl_debug:event_type: 0
hcl_debug:event_phase: 0
Thu, 14 Apr 2022 00:42:22 GMT
~~~~~~~~~~~~~~~~~
hcl_debug:event: loader:init
hcl_debug:event_type: 0
hcl_debug:event_phase: 0
Thu, 14 Apr 2022 00:42:22 GMT
~~~~~~~~~~~~~~~~~
hcl_debug:event: loader:init
hcl_debug:event_type: 0
hcl_debug:event_phase: 0
Thu, 14 Apr 2022 00:42:22 GMT
hcl_debug:event: loader:init
hcl_debug:event_type: 0
hcl_debug:event_phase: 0
Thu, 14 Apr 2022 00:42:22 GMT
~~~~~~~~~~~~~~~~~
~~~~~~~~~~~~~~~~~
hcl_debug:event: loader:init
hcl_debug:event_type: 0
hcl_debug:event_phase: 0
Thu, 14 Apr 2022 00:42:22 GMT
~~~~~~~~~~~~~~~~~
hcl_debug:event: loader:init
hcl_debug:event_type: 0
hcl_debug:event_phase: 0
Thu, 14 Apr 2022 00:42:22 GMT
~~~~~~~~~~~~~~~~~
hcl_debug:event: loader:init
hcl_debug:event_type: 0
hcl_debug:event_phase: 0
Thu, 14 Apr 2022 00:42:22 GMT
~~~~~~~~~~~~~~~~~
hcl_debug:event: loader:init
hcl_debug:event_type: 0
hcl_debug:event_phase: 0
Thu, 14 Apr 2022 00:42:22 GMT
~~~~~~~~~~~~~~~~~
hcl_debug:event: loader:init
hcl_debug:event_type: 0
hcl_debug:event_phase: 0
Thu, 14 Apr 2022 00:42:39 GMT
~~~~~~~~~~~~~~~~~
hcl_debug:event: loader:init
hcl_debug:event_type: 0
hcl_debug:event_phase: 0
Thu, 14 Apr 2022 00:42:41 GMT
~~~~~~~~~~~~~~~~~
hcl_debug:event: loader:init
hcl_debug:event_type: 0
hcl_debug:event_phase: 0
Thu, 14 Apr 2022 00:42:41 GMT
~~~~~~~~~~~~~~~~~
hcl_debug:event: loader:init
hcl_debug:event_type: 0
hcl_debug:event_phase: 0
Thu, 14 Apr 2022 00:42:41 GMT
~~~~~~~~~~~~~~~~~
hcl_debug:event: loader:init
hcl_debug:event_type: 0
hcl_debug:event_phase: 0
Thu, 14 Apr 2022 00:42:41 GMT
~~~~~~~~~~~~~~~~~
hcl_debug:event: loader:init
hcl_debug:event_type: 0
hcl_debug:event_phase: 0
Thu, 14 Apr 2022 00:42:41 GMT
~~~~~~~~~~~~~~~~~
hcl_debug:event: loader:init
hcl_debug:event_type: 0
hcl_debug:event_phase: 0
Thu, 14 Apr 2022 00:42:41 GMT
~~~~~~~~~~~~~~~~~
hcl_debug:event: loader:init
hcl_debug:event_type: 0
hcl_debug:event_phase: 0
Thu, 14 Apr 2022 00:42:41 GMT
~~~~~~~~~~~~~~~~~
hcl_debug:event: loader:init
hcl_debug:event_type: 0
hcl_debug:event_phase: 0
Thu, 14 Apr 2022 00:42:41 GMT
~~~~~~~~~~~~~~~~~
hcl_debug:event: loader:init
hcl_debug:event_type: 0
hcl_debug:event_phase: 0
Thu, 14 Apr 2022 00:42:41 GMT
~~~~~~~~~~~~~~~~~
hcl_debug:event: loader:init
hcl_debug:event_type: 0
hcl_debug:event_phase: 0
Thu, 14 Apr 2022 00:44:11 GMT
~~~~~~~~~~~~~~~~~
hcl_debug:event: loader:init
hcl_debug:event_type: 0
hcl_debug:event_phase: 0
Thu, 14 Apr 2022 00:44:14 GMT
~~~~~~~~~~~~~~~~~
hcl_debug:event: loader:init
hcl_debug:event_type: 0
hcl_debug:event_phase: 0
Thu, 14 Apr 2022 00:44:14 GMT
~~~~~~~~~~~~~~~~~
hcl_debug:event: loader:init
hcl_debug:event_type: 0
hcl_debug:event_phase: 0
Thu, 14 Apr 2022 00:44:14 GMT
~~~~~~~~~~~~~~~~~
hcl_debug:event: loader:init
hcl_debug:event_type: 0
hcl_debug:event_phase: 0
Thu, 14 Apr 2022 00:44:14 GMT
~~~~~~~~~~~~~~~~~
hcl_debug:event: loader:init
hcl_debug:event_type: 0
hcl_debug:event_phase: 0
Thu, 14 Apr 2022 00:44:14 GMT
~~~~~~~~~~~~~~~~~
hcl_debug:event: loader:init
hcl_debug:event_type: 0
hcl_debug:event_phase: 0
Thu, 14 Apr 2022 00:44:14 GMT
~~~~~~~~~~~~~~~~~
hcl_debug:event: loader:init
hcl_debug:event_type: 0
hcl_debug:event_phase: 0
Thu, 14 Apr 2022 00:44:14 GMT
~~~~~~~~~~~~~~~~~
hcl_debug:event: loader:init
hcl_debug:event_type: 0
hcl_debug:event_phase: 0
Thu, 14 Apr 2022 00:44:14 GMT
hcl_debug:event: loader:init
~~~~~~~~~~~~~~~~~
hcl_debug:event_type: 0
hcl_debug:event_phase: 0
Thu, 14 Apr 2022 00:44:14 GMT
~~~~~~~~~~~~~~~~~
hcl_debug:event: loader:init
hcl_debug:event_type: 0
hcl_debug:event_phase: 0
Thu, 14 Apr 2022 00:45:01 GMT
~~~~~~~~~~~~~~~~~
hcl_debug:event: loader:init
hcl_debug:event_type: 0
hcl_debug:event_phase: 0
Thu, 14 Apr 2022 00:45:03 GMT
hcl_debug:event: loader:init
~~~~~~~~~~~~~~~~~
hcl_debug:event_type: 0
hcl_debug:event_phase: 0
Thu, 14 Apr 2022 00:45:03 GMT
~~~~~~~~~~~~~~~~~
hcl_debug:event: loader:init
hcl_debug:event_type: 0
hcl_debug:event_phase: 0
Thu, 14 Apr 2022 00:45:03 GMT
~~~~~~~~~~~~~~~~~
hcl_debug:event: loader:init
hcl_debug:event_type: 0
hcl_debug:event_phase: 0
Thu, 14 Apr 2022 00:45:03 GMT
~~~~~~~~~~~~~~~~~
hcl_debug:event: loader:init
hcl_debug:event_type: 0
hcl_debug:event_phase: 0
Thu, 14 Apr 2022 00:45:03 GMT
~~~~~~~~~~~~~~~~~
hcl_debug:event: loader:init
hcl_debug:event_type: 0
hcl_debug:event_phase: 0
Thu, 14 Apr 2022 00:45:03 GMT
~~~~~~~~~~~~~~~~~
hcl_debug:event: loader:init
hcl_debug:event_type: 0
hcl_debug:event_phase: 0
Thu, 14 Apr 2022 00:45:03 GMT
~~~~~~~~~~~~~~~~~
hcl_debug:event: loader:init
hcl_debug:event_type: 0
hcl_debug:event_phase: 0
Thu, 14 Apr 2022 00:45:03 GMT
~~~~~~~~~~~~~~~~~
hcl_debug:event: loader:init
hcl_debug:event_type: 0
hcl_debug:event_phase: 0
Thu, 14 Apr 2022 00:45:03 GMT
~~~~~~~~~~~~~~~~~
hcl_debug:event: loader:init
hcl_debug:event_type: 0
hcl_debug:event_phase: 0
Thu, 14 Apr 2022 00:46:50 GMT
~~~~~~~~~~~~~~~~~
hcl_debug:event: loader:init
hcl_debug:event_type: 0
hcl_debug:event_phase: 0
Thu, 14 Apr 2022 00:47:06 GMT
~~~~~~~~~~~~~~~~~
hcl_debug:event: loader:init
hcl_debug:event_type: 0
hcl_debug:event_phase: 0
Thu, 14 Apr 2022 00:47:08 GMT
~~~~~~~~~~~~~~~~~
hcl_debug:event: loader:init
hcl_debug:event_type: 0
hcl_debug:event_phase: 0
Thu, 14 Apr 2022 00:47:08 GMT
~~~~~~~~~~~~~~~~~
hcl_debug:event: loader:init
hcl_debug:event_type: 0
hcl_debug:event_phase: 0
Thu, 14 Apr 2022 00:47:08 GMT
~~~~~~~~~~~~~~~~~
hcl_debug:event: loader:init
hcl_debug:event_type: 0
hcl_debug:event_phase: 0
Thu, 14 Apr 2022 00:47:08 GMT
~~~~~~~~~~~~~~~~~
hcl_debug:event: loader:init
hcl_debug:event_type: 0
hcl_debug:event_phase: 0
Thu, 14 Apr 2022 00:47:08 GMT
~~~~~~~~~~~~~~~~~
hcl_debug:event: loader:init
hcl_debug:event_type: 0
hcl_debug:event_phase: 0
Thu, 14 Apr 2022 00:47:08 GMT
~~~~~~~~~~~~~~~~~
hcl_debug:event: loader:init
hcl_debug:event_type: 0
hcl_debug:event_phase: 0
Thu, 14 Apr 2022 00:47:08 GMT
~~~~~~~~~~~~~~~~~
hcl_debug:event: loader:init
hcl_debug:event_type: 0
hcl_debug:event_phase: 0
Thu, 14 Apr 2022 00:47:08 GMT
~~~~~~~~~~~~~~~~~
hcl_debug:event: loader:init
hcl_debug:event_type: 0
hcl_debug:event_phase: 0
Thu, 14 Apr 2022 00:47:08 GMT
~~~~~~~~~~~~~~~~~
hcl_debug:event: loader:init
hcl_debug:event_type: 0
hcl_debug:event_phase: 0
Thu, 14 Apr 2022 00:47:35 GMT
~~~~~~~~~~~~~~~~~
hcl_debug:event: loader:init
hcl_debug:event_type: 0
hcl_debug:event_phase: 0
Thu, 14 Apr 2022 00:47:37 GMT
~~~~~~~~~~~~~~~~~
hcl_debug:event: loader:init
hcl_debug:event_type: 0
hcl_debug:event_phase: 0
Thu, 14 Apr 2022 00:47:37 GMT
~~~~~~~~~~~~~~~~~
hcl_debug:event: loader:init
hcl_debug:event_type: 0
hcl_debug:event_phase: 0
Thu, 14 Apr 2022 00:47:37 GMT
~~~~~~~~~~~~~~~~~
hcl_debug:event: loader:init
hcl_debug:event_type: 0
hcl_debug:event_phase: 0
Thu, 14 Apr 2022 00:47:37 GMT
~~~~~~~~~~~~~~~~~
hcl_debug:event: loader:init
hcl_debug:event_type: 0
hcl_debug:event_phase: 0
Thu, 14 Apr 2022 00:47:37 GMT
~~~~~~~~~~~~~~~~~
hcl_debug:event: loader:init
hcl_debug:event_type: 0
hcl_debug:event_phase: 0
Thu, 14 Apr 2022 00:47:37 GMT
~~~~~~~~~~~~~~~~~
hcl_debug:event: loader:init
hcl_debug:event_type: 0
hcl_debug:event_phase: 0
Thu, 14 Apr 2022 00:47:37 GMT
~~~~~~~~~~~~~~~~~
hcl_debug:event: loader:init
hcl_debug:event_type: 0
hcl_debug:event_phase: 0
Thu, 14 Apr 2022 00:47:37 GMT
~~~~~~~~~~~~~~~~~
hcl_debug:event: loader:init
hcl_debug:event_type: 0
hcl_debug:event_phase: 0
Thu, 14 Apr 2022 00:50:48 GMT
~~~~~~~~~~~~~~~~~
hcl_debug:event: loader:init
hcl_debug:event_type: 0
hcl_debug:event_phase: 0
Thu, 14 Apr 2022 00:50:50 GMT
~~~~~~~~~~~~~~~~~
hcl_debug:event: loader:init
hcl_debug:event_type: 0
hcl_debug:event_phase: 0
Thu, 14 Apr 2022 00:50:50 GMT
~~~~~~~~~~~~~~~~~
hcl_debug:event: loader:init
hcl_debug:event_type: 0
hcl_debug:event_phase: 0
Thu, 14 Apr 2022 00:50:50 GMT
~~~~~~~~~~~~~~~~~
hcl_debug:event: loader:init
hcl_debug:event_type: 0
hcl_debug:event_phase: 0
Thu, 14 Apr 2022 00:50:50 GMT
~~~~~~~~~~~~~~~~~
hcl_debug:event: loader:init
hcl_debug:event_type: 0
hcl_debug:event_phase: 0
Thu, 14 Apr 2022 00:50:50 GMT
~~~~~~~~~~~~~~~~~
hcl_debug:event: loader:init
hcl_debug:event_type: 0
hcl_debug:event_phase: 0
hcl_debug:event: loader:init
Thu, 14 Apr 2022 00:50:50 GMT
hcl_debug:event_type: 0
~~~~~~~~~~~~~~~~~
hcl_debug:event_phase: 0
Thu, 14 Apr 2022 00:50:50 GMT
~~~~~~~~~~~~~~~~~
hcl_debug:event: loader:init
hcl_debug:event_type: 0
hcl_debug:event_phase: 0
Thu, 14 Apr 2022 00:50:50 GMT
~~~~~~~~~~~~~~~~~
hcl_debug:event: loader:init
hcl_debug:event_type: 0
hcl_debug:event_phase: 0
Thu, 14 Apr 2022 00:50:50 GMT
~~~~~~~~~~~~~~~~~
hcl_debug:event: loader:init
hcl_debug:event_type: 0
hcl_debug:event_phase: 0
Thu, 14 Apr 2022 00:51:07 GMT
~~~~~~~~~~~~~~~~~
hcl_debug:event: loader:init
hcl_debug:event_type: 0
hcl_debug:event_phase: 0
Thu, 14 Apr 2022 00:51:09 GMT
~~~~~~~~~~~~~~~~~
hcl_debug:event: loader:init
hcl_debug:event_type: 0
hcl_debug:event_phase: 0
Thu, 14 Apr 2022 00:51:09 GMT
~~~~~~~~~~~~~~~~~
hcl_debug:event: loader:init
hcl_debug:event_type: 0
hcl_debug:event_phase: 0
Thu, 14 Apr 2022 00:51:09 GMT
~~~~~~~~~~~~~~~~~
hcl_debug:event: loader:init
hcl_debug:event_type: 0
hcl_debug:event_phase: 0
Thu, 14 Apr 2022 00:51:09 GMT
~~~~~~~~~~~~~~~~~
hcl_debug:event: loader:init
hcl_debug:event_type: 0
hcl_debug:event_phase: 0
Thu, 14 Apr 2022 00:51:09 GMT
~~~~~~~~~~~~~~~~~
hcl_debug:event: loader:init
hcl_debug:event_type: 0
hcl_debug:event_phase: 0
Thu, 14 Apr 2022 00:51:09 GMT
~~~~~~~~~~~~~~~~~
hcl_debug:event: loader:init
hcl_debug:event_type: 0
hcl_debug:event_phase: 0
Thu, 14 Apr 2022 00:51:09 GMT
~~~~~~~~~~~~~~~~~
hcl_debug:event: loader:init
hcl_debug:event_type: 0
hcl_debug:event_phase: 0
Thu, 14 Apr 2022 00:51:09 GMT
~~~~~~~~~~~~~~~~~
hcl_debug:event: loader:init
hcl_debug:event_type: 0
hcl_debug:event_phase: 0
Thu, 14 Apr 2022 00:51:10 GMT
~~~~~~~~~~~~~~~~~
hcl_debug:event: loader:init
hcl_debug:event_type: 0
hcl_debug:event_phase: 0
Thu, 14 Apr 2022 00:52:35 GMT
~~~~~~~~~~~~~~~~~
hcl_debug:event: loader:init
hcl_debug:event_type: 0
hcl_debug:event_phase: 0
Thu, 14 Apr 2022 00:52:37 GMT
~~~~~~~~~~~~~~~~~
hcl_debug:event: loader:init
hcl_debug:event_type: 0
hcl_debug:event_phase: 0
Thu, 14 Apr 2022 00:52:37 GMT
~~~~~~~~~~~~~~~~~
hcl_debug:event: loader:init
hcl_debug:event_type: 0
hcl_debug:event_phase: 0
Thu, 14 Apr 2022 00:52:37 GMT
~~~~~~~~~~~~~~~~~
hcl_debug:event: loader:init
hcl_debug:event: loader:init
hcl_debug:event_type: 0
hcl_debug:event_type: 0
hcl_debug:event: loader:init
hcl_debug:event_phase: 0
hcl_debug:event_phase: 0
Thu, 14 Apr 2022 00:52:37 GMT
hcl_debug:event_type: 0
Thu, 14 Apr 2022 00:52:37 GMT
hcl_debug:event_phase: 0
~~~~~~~~~~~~~~~~~
~~~~~~~~~~~~~~~~~
Thu, 14 Apr 2022 00:52:37 GMT
~~~~~~~~~~~~~~~~~
hcl_debug:event: loader:init
hcl_debug:event_type: 0
hcl_debug:event_phase: 0
Thu, 14 Apr 2022 00:52:37 GMT
~~~~~~~~~~~~~~~~~
hcl_debug:event: loader:init
hcl_debug:event_type: 0
hcl_debug:event_phase: 0
Thu, 14 Apr 2022 00:52:37 GMT
~~~~~~~~~~~~~~~~~
hcl_debug:event: loader:init
hcl_debug:event_type: 0
hcl_debug:event_phase: 0
Thu, 14 Apr 2022 00:52:37 GMT
~~~~~~~~~~~~~~~~~
hcl_debug:event: loader:init
hcl_debug:event_type: 0
hcl_debug:event_phase: 0
Thu, 14 Apr 2022 00:52:59 GMT
~~~~~~~~~~~~~~~~~
hcl_debug:event: loader:init
hcl_debug:event: loader:init
hcl_debug:event_type: 0
hcl_debug:event_type: 0
hcl_debug:event_phase: 0
hcl_debug:event_phase: 0
Thu, 14 Apr 2022 00:53:01 GMT
~~~~~~~~~~~~~~~~~
Thu, 14 Apr 2022 00:53:01 GMT
~~~~~~~~~~~~~~~~~
hcl_debug:event: loader:init
hcl_debug:event_type: 0
hcl_debug:event_phase: 0
Thu, 14 Apr 2022 00:53:01 GMT
~~~~~~~~~~~~~~~~~
hcl_debug:event: loader:init
hcl_debug:event_type: 0
hcl_debug:event_phase: 0
Thu, 14 Apr 2022 00:53:01 GMT
~~~~~~~~~~~~~~~~~
hcl_debug:event: loader:init
hcl_debug:event_type: 0
hcl_debug:event_phase: 0
hcl_debug:event: loader:init
hcl_debug:event_type: 0
Thu, 14 Apr 2022 00:53:01 GMT
~~~~~~~~~~~~~~~~~
hcl_debug:event_phase: 0
Thu, 14 Apr 2022 00:53:01 GMT
~~~~~~~~~~~~~~~~~
hcl_debug:event: loader:init
hcl_debug:event_type: 0
hcl_debug:event_phase: 0
Thu, 14 Apr 2022 00:53:01 GMT
~~~~~~~~~~~~~~~~~
hcl_debug:event: loader:init
hcl_debug:event_type: 0
hcl_debug:event_phase: 0
Thu, 14 Apr 2022 00:53:01 GMT
hcl_debug:event: loader:init
~~~~~~~~~~~~~~~~~
hcl_debug:event_type: 0
hcl_debug:event_phase: 0
Thu, 14 Apr 2022 00:53:01 GMT
~~~~~~~~~~~~~~~~~
hcl_debug:event: loader:init
hcl_debug:event_type: 0
hcl_debug:event_phase: 0
Thu, 14 Apr 2022 00:53:38 GMT
~~~~~~~~~~~~~~~~~
hcl_debug:event: loader:init
hcl_debug:event_type: 0
hcl_debug:event_phase: 0
Thu, 14 Apr 2022 00:53:40 GMT
~~~~~~~~~~~~~~~~~
hcl_debug:event: loader:init
hcl_debug:event_type: 0
hcl_debug:event_phase: 0
Thu, 14 Apr 2022 00:53:40 GMT
~~~~~~~~~~~~~~~~~
hcl_debug:event: loader:init
hcl_debug:event_type: 0
hcl_debug:event_phase: 0
Thu, 14 Apr 2022 00:53:40 GMT
~~~~~~~~~~~~~~~~~
hcl_debug:event: loader:init
hcl_debug:event_type: 0
hcl_debug:event_phase: 0
Thu, 14 Apr 2022 00:53:40 GMT
~~~~~~~~~~~~~~~~~
hcl_debug:event: loader:init
hcl_debug:event: loader:init
hcl_debug:event_type: 0
hcl_debug:event_type: 0
hcl_debug:event_phase: 0
hcl_debug:event_phase: 0
Thu, 14 Apr 2022 00:53:40 GMT
~~~~~~~~~~~~~~~~~
Thu, 14 Apr 2022 00:53:40 GMT
~~~~~~~~~~~~~~~~~
hcl_debug:event: loader:init
hcl_debug:event_type: 0
hcl_debug:event: loader:init
hcl_debug:event_phase: 0
hcl_debug:event_type: 0
Thu, 14 Apr 2022 00:53:40 GMT
hcl_debug:event_phase: 0
~~~~~~~~~~~~~~~~~
Thu, 14 Apr 2022 00:53:40 GMT
~~~~~~~~~~~~~~~~~
hcl_debug:event: loader:init
hcl_debug:event_type: 0
hcl_debug:event_phase: 0
Thu, 14 Apr 2022 00:53:40 GMT
~~~~~~~~~~~~~~~~~
hcl_debug:event: loader:init
hcl_debug:event_type: 0
hcl_debug:event_phase: 0
Thu, 14 Apr 2022 00:54:05 GMT
~~~~~~~~~~~~~~~~~
hcl_debug:event: loader:init
hcl_debug:event_type: 0
hcl_debug:event_phase: 0
Thu, 14 Apr 2022 00:54:07 GMT
hcl_debug:event: loader:init
~~~~~~~~~~~~~~~~~
hcl_debug:event_type: 0
hcl_debug:event_phase: 0
hcl_debug:event: loader:init
Thu, 14 Apr 2022 00:54:07 GMT
~~~~~~~~~~~~~~~~~
hcl_debug:event_type: 0
hcl_debug:event_phase: 0
Thu, 14 Apr 2022 00:54:07 GMT
~~~~~~~~~~~~~~~~~
hcl_debug:event: loader:init
hcl_debug:event_type: 0
hcl_debug:event_phase: 0
Thu, 14 Apr 2022 00:54:07 GMT
~~~~~~~~~~~~~~~~~
hcl_debug:event: loader:init
hcl_debug:event_type: 0
hcl_debug:event_phase: 0
Thu, 14 Apr 2022 00:54:07 GMT
~~~~~~~~~~~~~~~~~
hcl_debug:event: loader:init
hcl_debug:event_type: 0
hcl_debug:event_phase: 0
Thu, 14 Apr 2022 00:54:07 GMT
~~~~~~~~~~~~~~~~~
hcl_debug:event: loader:init
hcl_debug:event_type: 0
hcl_debug:event_phase: 0
Thu, 14 Apr 2022 00:54:07 GMT
~~~~~~~~~~~~~~~~~
hcl_debug:event: loader:init
hcl_debug:event_type: 0
hcl_debug:event_phase: 0
Thu, 14 Apr 2022 00:54:07 GMT
hcl_debug:event: loader:init
~~~~~~~~~~~~~~~~~
hcl_debug:event_type: 0
hcl_debug:event_phase: 0
Thu, 14 Apr 2022 00:54:07 GMT
~~~~~~~~~~~~~~~~~
hcl_debug:event: loader:init
hcl_debug:event_type: 0
hcl_debug:event_phase: 0
Thu, 14 Apr 2022 00:54:32 GMT
~~~~~~~~~~~~~~~~~
hcl_debug:event: loader:init
hcl_debug:event_type: 0
hcl_debug:event_phase: 0
Thu, 14 Apr 2022 00:54:35 GMT
~~~~~~~~~~~~~~~~~
hcl_debug:event: loader:init
hcl_debug:event_type: 0
hcl_debug:event_phase: 0
Thu, 14 Apr 2022 00:54:35 GMT
~~~~~~~~~~~~~~~~~
hcl_debug:event: loader:init
hcl_debug:event_type: 0
hcl_debug:event_phase: 0
Thu, 14 Apr 2022 00:54:35 GMT
~~~~~~~~~~~~~~~~~
hcl_debug:event: loader:init
hcl_debug:event_type: 0
hcl_debug:event_phase: 0
Thu, 14 Apr 2022 00:54:35 GMT
~~~~~~~~~~~~~~~~~
hcl_debug:event: loader:init
hcl_debug:event_type: 0
hcl_debug:event_phase: 0
Thu, 14 Apr 2022 00:54:35 GMT
~~~~~~~~~~~~~~~~~
hcl_debug:event: loader:init
hcl_debug:event_type: 0
hcl_debug:event_phase: 0
Thu, 14 Apr 2022 00:54:35 GMT
~~~~~~~~~~~~~~~~~
hcl_debug:event: loader:init
hcl_debug:event_type: 0
hcl_debug:event_phase: 0
Thu, 14 Apr 2022 00:54:35 GMT
~~~~~~~~~~~~~~~~~
hcl_debug:event: loader:init
hcl_debug:event_type: 0
hcl_debug:event_phase: 0
Thu, 14 Apr 2022 00:54:35 GMT
~~~~~~~~~~~~~~~~~
hcl_debug:event: loader:init
hcl_debug:event_type: 0
hcl_debug:event_phase: 0
Thu, 14 Apr 2022 00:54:35 GMT
~~~~~~~~~~~~~~~~~
